<?xml version="1.0" encoding="UTF-8"?>
<!-- Generated by org.testng.reporters.JUnitXMLReporter -->
<testsuite ignored="1" hostname="LAPTOP-GLPUBTPG" failures="1" tests="4" name="Test for Failed(failed)" time="0.076" errors="0" timestamp="2025-08-22T09:47:37 IST">
  <testcase classname="seleniumInterviewProgram.SeleniumInterviewPractice" name="test1" time="0.015">
    <skipped/>
  </testcase> <!-- test1 -->
  <testcase classname="seleniumInterviewProgram.SeleniumInterviewPractice" name="test1" time="0.002">
    <skipped/>
  </testcase> <!-- test1 -->
  <testcase classname="seleniumInterviewProgram.SeleniumInterviewPractice" name="test1" time="0.002">
    <skipped/>
  </testcase> <!-- test1 -->
  <testcase classname="seleniumInterviewProgram.SeleniumInterviewPractice" name="test1" time="0.002">
    <failure type="java.lang.AssertionError" message="expected [false] but found [true]">
      <![CDATA[java.lang.AssertionError: expected [false] but found [true]
at seleniumInterviewProgram.SeleniumInterviewPractice.test1(SeleniumInterviewPractice.java:12)
at java.base/java.util.concurrent.Executors$RunnableAdapter.call(Executors.java:572)
at java.base/java.util.concurrent.FutureTask.run(FutureTask.java:317)
at java.base/java.util.concurrent.ThreadPoolExecutor.runWorker(ThreadPoolExecutor.java:1144)
at java.base/java.util.concurrent.ThreadPoolExecutor$Worker.run(ThreadPoolExecutor.java:642)
at java.base/java.lang.Thread.run(Thread.java:1575)
... Removed 18 stack frames]]>
    </failure>
  </testcase> <!-- test1 -->
  <testcase classname="seleniumInterviewProgram.SeleniumInterviewPractice" name="test2" time="0.0">
    <ignored/>
  </testcase> <!-- test2 -->
</testsuite> <!-- Test for Failed(failed) -->
